Using pre-set license
Built from '2020.2/staging' branch; Version is '2020.2.5f1 (e2c53f129de5) revision 14861631'; Using compiler version '192528614'; Build Type 'Release'
OS: 'Windows 10 Home; OS build 19043.1348; Version 2009; 64bit' Language: 'en' Physical Memory: 16282 MB
BatchMode: 1, IsHumanControllingUs: 0, StartBugReporterOnCrash: 0, Is64bit: 1, IsPro: 0

 COMMAND LINE ARGUMENTS:
C:\Program Files\Unity\Hub\Editor\2020.2.5f1\Editor\Unity.exe
-adb2
-batchMode
-noUpm
-name
AssetImportWorker1
-projectPath
C:/Users/Angus/Desktop/aga307_assinment_1/AGA307-InClassSept21
-logFile
Logs/AssetImportWorker1.log
-srvPort
60391
Successfully changed project path to: C:/Users/Angus/Desktop/aga307_assinment_1/AGA307-InClassSept21
C:/Users/Angus/Desktop/aga307_assinment_1/AGA307-InClassSept21
Using Asset Import Pipeline V2.
Refreshing native plugins compatible for Editor in 14.53 ms, found 0 plugins.
Preloading 0 native plugins for Editor in 0.00 ms.
Initialize engine version: 2020.2.5f1 (e2c53f129de5)
[Subsystems] Discovering subsystems at path C:/Program Files/Unity/Hub/Editor/2020.2.5f1/Editor/Data/Resources/UnitySubsystems
[Subsystems] Discovering subsystems at path C:/Users/Angus/Desktop/aga307_assinment_1/AGA307-InClassSept21/Assets
GfxDevice: creating device client; threaded=0
Direct3D:
    Version:  Direct3D 11.0 [level 11.1]
    Renderer: AMD Radeon (TM) R9 380 Series (ID=0x6939)
    Vendor:   
    VRAM:     4071 MB
    Driver:   27.20.12033.2007
Initialize mono
Mono path[0] = 'C:/Program Files/Unity/Hub/Editor/2020.2.5f1/Editor/Data/Managed'
Mono path[1] = 'C:/Program Files/Unity/Hub/Editor/2020.2.5f1/Editor/Data/MonoBleedingEdge/lib/mono/unityjit'
Mono config path = 'C:/Program Files/Unity/Hub/Editor/2020.2.5f1/Editor/Data/MonoBleedingEdge/etc'
Using monoOptions --debugger-agent=transport=dt_socket,embedding=1,server=y,suspend=n,address=127.0.0.1:56736
Begin MonoManager ReloadAssembly
Registering precompiled unity dll's ...
Register platform support module: C:/Program Files/Unity/Hub/Editor/2020.2.5f1/Editor/Data/PlaybackEngines/WebGLSupport/UnityEditor.WebGL.Extensions.dll
Register platform support module: C:/Program Files/Unity/Hub/Editor/2020.2.5f1/Editor/Data/PlaybackEngines/WindowsStandaloneSupport/UnityEditor.WindowsStandalone.Extensions.dll
Registered in 0.006546 seconds.
Native extension for WindowsStandalone target not found
Native extension for WebGL target not found
Refreshing native plugins compatible for Editor in 15.05 ms, found 0 plugins.
Preloading 0 native plugins for Editor in 0.00 ms.
Invoked RoslynAnalysisRunner static constructor.
RoslynAnalysisRunner will not be running.
RoslynAnalysisRunner has terminated.
Mono: successfully reloaded assembly
- Completed reload, in  1.739 seconds
Platform modules already initialized, skipping
Registering precompiled user dll's ...
Registered in 0.000173 seconds.
Begin MonoManager ReloadAssembly
Native extension for WindowsStandalone target not found
Native extension for WebGL target not found
Refreshing native plugins compatible for Editor in 0.25 ms, found 0 plugins.
Preloading 0 native plugins for Editor in 0.00 ms.
Invoked RoslynAnalysisRunner static constructor.
RoslynAnalysisRunner will not be running.
RoslynAnalysisRunner has terminated.
Mono: successfully reloaded assembly
- Completed reload, in  1.719 seconds
Platform modules already initialized, skipping
========================================================================
Worker process is ready to serve import requests
Launched and connected shader compiler UnityShaderCompiler.exe after 0.31 seconds
Refreshing native plugins compatible for Editor in 0.40 ms, found 0 plugins.
Preloading 0 native plugins for Editor in 0.00 ms.
Unloading 746 Unused Serialized files (Serialized files now loaded: 0)
System memory in use before: 55.0 MB.
System memory in use after: 43.3 MB.

Unloading 5 unused Assets to reduce memory usage. Loaded Objects now: 1189.
Total: 2.861000 ms (FindLiveObjects: 0.272100 ms CreateObjectMapping: 0.263900 ms MarkObjects: 2.190700 ms  DeleteObjects: 0.132400 ms)

========================================================================
Received Import Request.
  path: Assets/Script/Enemy.cs
  artifactKey: Guid(97ad99b68c0fed1448b4123512dba37d) Importer(815301076,1909f56bfc062723c751e8b465ee728b)
Start importing Assets/Script/Enemy.cs using Guid(97ad99b68c0fed1448b4123512dba37d) Importer(815301076,1909f56bfc062723c751e8b465ee728b)  -> (artifact id: 'bc5d8c93c0a1a5e18bd4f4746a6c294b') in 0.266671 seconds
  Import took 0.304755 seconds .

========================================================================
Received Import Request.
  Time since last request: 0.000209 seconds.
  path: Assets/Script/EnemyMananger.cs
  artifactKey: Guid(464a0794654a39c448cd3fed22991f79) Importer(815301076,1909f56bfc062723c751e8b465ee728b)
Start importing Assets/Script/EnemyMananger.cs using Guid(464a0794654a39c448cd3fed22991f79) Importer(815301076,1909f56bfc062723c751e8b465ee728b)  -> (artifact id: 'e1d439cd2e776d660f63d325da386c9c') in 0.028873 seconds
  Import took 0.082067 seconds .

========================================================================
Received Import Request.
  Time since last request: 0.000228 seconds.
  path: Assets/Script/ProjectTile.cs
  artifactKey: Guid(fd350bb2ac130ca43adfa1c953ece0c6) Importer(815301076,1909f56bfc062723c751e8b465ee728b)
Start importing Assets/Script/ProjectTile.cs using Guid(fd350bb2ac130ca43adfa1c953ece0c6) Importer(815301076,1909f56bfc062723c751e8b465ee728b)  -> (artifact id: 'a873f82cb01ec49a53f454620050f47c') in 0.022813 seconds
  Import took 0.045988 seconds .

========================================================================
Received Import Request.
  Time since last request: 0.000264 seconds.
  path: Assets/Script/PlayerMovemet.cs
  artifactKey: Guid(98498731fa78c3d4da02a9f989f27b53) Importer(815301076,1909f56bfc062723c751e8b465ee728b)
Start importing Assets/Script/PlayerMovemet.cs using Guid(98498731fa78c3d4da02a9f989f27b53) Importer(815301076,1909f56bfc062723c751e8b465ee728b)  -> (artifact id: 'fa2d67c4efc7eb4aca20e46075ed18f5') in 0.036412 seconds
  Import took 0.055752 seconds .

========================================================================
Received Import Request.
  Time since last request: 0.000426 seconds.
  path: Assets/Script/GameEvent.cs
  artifactKey: Guid(8664279bd3f321b478a08f1f68ddb965) Importer(815301076,1909f56bfc062723c751e8b465ee728b)
Start importing Assets/Script/GameEvent.cs using Guid(8664279bd3f321b478a08f1f68ddb965) Importer(815301076,1909f56bfc062723c751e8b465ee728b)  -> (artifact id: 'f8781e6dfdfb4f35c73efe69656f8a09') in 0.078905 seconds
  Import took 0.116979 seconds .

========================================================================
Received Prepare
Registering precompiled user dll's ...
Registered in 0.000264 seconds.
Begin MonoManager ReloadAssembly
Native extension for WindowsStandalone target not found
Native extension for WebGL target not found
Refreshing native plugins compatible for Editor in 0.36 ms, found 0 plugins.
Preloading 0 native plugins for Editor in 0.00 ms.
Invoked RoslynAnalysisRunner static constructor.
RoslynAnalysisRunner will not be running.
RoslynAnalysisRunner has terminated.
Mono: successfully reloaded assembly
- Completed reload, in  3.437 seconds
Platform modules already initialized, skipping
Refreshing native plugins compatible for Editor in 0.27 ms, found 0 plugins.
Preloading 0 native plugins for Editor in 0.00 ms.
Unloading 705 Unused Serialized files (Serialized files now loaded: 0)
System memory in use before: 52.1 MB.
System memory in use after: 52.1 MB.

Unloading 3 unused Assets to reduce memory usage. Loaded Objects now: 1189.
Total: 2.302200 ms (FindLiveObjects: 0.156000 ms CreateObjectMapping: 0.032400 ms MarkObjects: 1.957100 ms  DeleteObjects: 0.154300 ms)

========================================================================
Received Import Request.
  Time since last request: 4342.398219 seconds.
  path: Assets/Script/Enemy.cs
  artifactKey: Guid(97ad99b68c0fed1448b4123512dba37d) Importer(815301076,1909f56bfc062723c751e8b465ee728b)
Start importing Assets/Script/Enemy.cs using Guid(97ad99b68c0fed1448b4123512dba37d) Importer(815301076,1909f56bfc062723c751e8b465ee728b)  -> (artifact id: '0a8b4cc5d439d80e629438a491fc299c') in 0.085922 seconds
  Import took 0.095196 seconds .

========================================================================
Received Prepare
Registering precompiled user dll's ...
Registered in 0.000500 seconds.
Begin MonoManager ReloadAssembly
Native extension for WindowsStandalone target not found
Native extension for WebGL target not found
Refreshing native plugins compatible for Editor in 0.30 ms, found 0 plugins.
Preloading 0 native plugins for Editor in 0.00 ms.
Invoked RoslynAnalysisRunner static constructor.
RoslynAnalysisRunner will not be running.
RoslynAnalysisRunner has terminated.
Mono: successfully reloaded assembly
- Completed reload, in  3.402 seconds
Platform modules already initialized, skipping
Refreshing native plugins compatible for Editor in 0.19 ms, found 0 plugins.
Preloading 0 native plugins for Editor in 0.00 ms.
Unloading 706 Unused Serialized files (Serialized files now loaded: 0)
System memory in use before: 52.1 MB.
System memory in use after: 52.1 MB.

Unloading 3 unused Assets to reduce memory usage. Loaded Objects now: 1190.
Total: 1.777000 ms (FindLiveObjects: 0.103200 ms CreateObjectMapping: 0.023600 ms MarkObjects: 1.537000 ms  DeleteObjects: 0.110600 ms)

========================================================================
Received Import Request.
  Time since last request: 357.386271 seconds.
  path: Assets/Script/NewBehaviourScript.cs
  artifactKey: Guid(3a86865ace687494382a1c4a8bc42e41) Importer(815301076,1909f56bfc062723c751e8b465ee728b)
Start importing Assets/Script/NewBehaviourScript.cs using Guid(3a86865ace687494382a1c4a8bc42e41) Importer(815301076,1909f56bfc062723c751e8b465ee728b)  -> (artifact id: '9e0df5d4c5d363a5eaab9361a912bcf6') in 0.019219 seconds
  Import took 0.021312 seconds .

========================================================================
Received Import Request.
  Time since last request: 15.911625 seconds.
  path: Assets/Script/EnemyWeapond.cs
  artifactKey: Guid(3a86865ace687494382a1c4a8bc42e41) Importer(815301076,1909f56bfc062723c751e8b465ee728b)
Start importing Assets/Script/EnemyWeapond.cs using Guid(3a86865ace687494382a1c4a8bc42e41) Importer(815301076,1909f56bfc062723c751e8b465ee728b)  -> (artifact id: '4d9f34f262d24152b1308b03d9c3cab3') in 0.017076 seconds
  Import took 0.023256 seconds .

========================================================================
Received Prepare
Registering precompiled user dll's ...
Registered in 0.000326 seconds.
Begin MonoManager ReloadAssembly
Native extension for WindowsStandalone target not found
Native extension for WebGL target not found
Refreshing native plugins compatible for Editor in 0.37 ms, found 0 plugins.
Preloading 0 native plugins for Editor in 0.00 ms.
Invoked RoslynAnalysisRunner static constructor.
RoslynAnalysisRunner will not be running.
RoslynAnalysisRunner has terminated.
Mono: successfully reloaded assembly
- Completed reload, in  2.081 seconds
Platform modules already initialized, skipping
Refreshing native plugins compatible for Editor in 0.18 ms, found 0 plugins.
Preloading 0 native plugins for Editor in 0.00 ms.
Unloading 706 Unused Serialized files (Serialized files now loaded: 0)
System memory in use before: 52.1 MB.
System memory in use after: 52.1 MB.

Unloading 3 unused Assets to reduce memory usage. Loaded Objects now: 1190.
Total: 1.822400 ms (FindLiveObjects: 0.117400 ms CreateObjectMapping: 0.025700 ms MarkObjects: 1.480900 ms  DeleteObjects: 0.196400 ms)

========================================================================
Received Import Request.
  Time since last request: 10.675894 seconds.
  path: Assets/Script/EnemyMananger.cs
  artifactKey: Guid(464a0794654a39c448cd3fed22991f79) Importer(815301076,1909f56bfc062723c751e8b465ee728b)
Start importing Assets/Script/EnemyMananger.cs using Guid(464a0794654a39c448cd3fed22991f79) Importer(815301076,1909f56bfc062723c751e8b465ee728b)  -> (artifact id: '95835f335a756adb815a53d6f1164e1a') in 0.031235 seconds
  Import took 0.033516 seconds .

========================================================================
Received Import Request.
  Time since last request: 206.277264 seconds.
  path: Assets/Script/EnemyWeapond.cs
  artifactKey: Guid(3a86865ace687494382a1c4a8bc42e41) Importer(815301076,1909f56bfc062723c751e8b465ee728b)
Start importing Assets/Script/EnemyWeapond.cs using Guid(3a86865ace687494382a1c4a8bc42e41) Importer(815301076,1909f56bfc062723c751e8b465ee728b)  -> (artifact id: 'f8467f8f8b300f451ebb59490b72ae70') in 0.012665 seconds
  Import took 0.024237 seconds .

========================================================================
Received Import Request.
  Time since last request: 2.747379 seconds.
  path: Assets/Script/GameManager.cs
  artifactKey: Guid(4cda165f93e322c4d8df3ee406103330) Importer(815301076,1909f56bfc062723c751e8b465ee728b)
Start importing Assets/Script/GameManager.cs using Guid(4cda165f93e322c4d8df3ee406103330) Importer(815301076,1909f56bfc062723c751e8b465ee728b)  -> (artifact id: '26491a442e2bffbf2a7dfa67b8487ab3') in 0.058029 seconds
  Import took 0.070724 seconds .

========================================================================
Received Prepare
Registering precompiled user dll's ...
Registered in 0.000718 seconds.
Begin MonoManager ReloadAssembly
Native extension for WindowsStandalone target not found
Native extension for WebGL target not found
Refreshing native plugins compatible for Editor in 0.23 ms, found 0 plugins.
Preloading 0 native plugins for Editor in 0.00 ms.
Invoked RoslynAnalysisRunner static constructor.
RoslynAnalysisRunner will not be running.
RoslynAnalysisRunner has terminated.
Mono: successfully reloaded assembly
- Completed reload, in  3.281 seconds
Platform modules already initialized, skipping
Refreshing native plugins compatible for Editor in 0.20 ms, found 0 plugins.
Preloading 0 native plugins for Editor in 0.00 ms.
Unloading 706 Unused Serialized files (Serialized files now loaded: 0)
System memory in use before: 52.1 MB.
System memory in use after: 52.1 MB.

Unloading 3 unused Assets to reduce memory usage. Loaded Objects now: 1190.
Total: 8.599500 ms (FindLiveObjects: 0.202100 ms CreateObjectMapping: 0.038500 ms MarkObjects: 7.388600 ms  DeleteObjects: 0.797100 ms)

========================================================================
Received Prepare
Registering precompiled user dll's ...
Registered in 0.000161 seconds.
Begin MonoManager ReloadAssembly
Native extension for WindowsStandalone target not found
Native extension for WebGL target not found
Refreshing native plugins compatible for Editor in 0.21 ms, found 0 plugins.
Preloading 0 native plugins for Editor in 0.00 ms.
Invoked RoslynAnalysisRunner static constructor.
RoslynAnalysisRunner will not be running.
RoslynAnalysisRunner has terminated.
Mono: successfully reloaded assembly
- Completed reload, in  2.242 seconds
Platform modules already initialized, skipping
Refreshing native plugins compatible for Editor in 0.42 ms, found 0 plugins.
Preloading 0 native plugins for Editor in 0.00 ms.
Unloading 706 Unused Serialized files (Serialized files now loaded: 0)
System memory in use before: 52.1 MB.
System memory in use after: 52.1 MB.

Unloading 3 unused Assets to reduce memory usage. Loaded Objects now: 1190.
Total: 2.804900 ms (FindLiveObjects: 0.171700 ms CreateObjectMapping: 0.035400 ms MarkObjects: 2.482400 ms  DeleteObjects: 0.112900 ms)

========================================================================
Received Prepare
Registering precompiled user dll's ...
Registered in 0.000152 seconds.
Begin MonoManager ReloadAssembly
Native extension for WindowsStandalone target not found
Native extension for WebGL target not found
Refreshing native plugins compatible for Editor in 0.86 ms, found 0 plugins.
Preloading 0 native plugins for Editor in 0.00 ms.
Invoked RoslynAnalysisRunner static constructor.
RoslynAnalysisRunner will not be running.
RoslynAnalysisRunner has terminated.
Mono: successfully reloaded assembly
- Completed reload, in  2.280 seconds
Platform modules already initialized, skipping
Refreshing native plugins compatible for Editor in 0.43 ms, found 0 plugins.
Preloading 0 native plugins for Editor in 0.00 ms.
Unloading 706 Unused Serialized files (Serialized files now loaded: 0)
System memory in use before: 52.1 MB.
System memory in use after: 52.1 MB.

Unloading 3 unused Assets to reduce memory usage. Loaded Objects now: 1190.
Total: 3.107800 ms (FindLiveObjects: 0.115200 ms CreateObjectMapping: 0.030900 ms MarkObjects: 2.770000 ms  DeleteObjects: 0.188800 ms)

========================================================================
Received Import Request.
  Time since last request: 1587.322626 seconds.
  path: Assets/Skeletons/Animation/1_one_handed/OneHandedSkeleton.controller
  artifactKey: Guid(7551cdc83ec8a224088cd7480ea4335f) Importer(815301076,1909f56bfc062723c751e8b465ee728b)
Start importing Assets/Skeletons/Animation/1_one_handed/OneHandedSkeleton.controller using Guid(7551cdc83ec8a224088cd7480ea4335f) Importer(815301076,1909f56bfc062723c751e8b465ee728b)  -> (artifact id: 'cfee4908ae31b5d6f10f16cd7236b2c6') in 0.308815 seconds
  Import took 0.314716 seconds .

========================================================================
Received Import Request.
  Time since last request: 150.520272 seconds.
  path: Assets/Skeletons/Prefabs/Skeleton_A.prefab
  artifactKey: Guid(a27aaa9514020fa44bb6081abd5f14fc) Importer(815301076,1909f56bfc062723c751e8b465ee728b)
Start importing Assets/Skeletons/Prefabs/Skeleton_A.prefab using Guid(a27aaa9514020fa44bb6081abd5f14fc) Importer(815301076,1909f56bfc062723c751e8b465ee728b)  -> (artifact id: 'cf7dfe1cafca62bc08303cbf71cc41e3') in 0.325231 seconds
  Import took 0.329829 seconds .

========================================================================
Received Prepare
Registering precompiled user dll's ...
Registered in 0.000407 seconds.
Begin MonoManager ReloadAssembly
Native extension for WindowsStandalone target not found
Native extension for WebGL target not found
Refreshing native plugins compatible for Editor in 0.20 ms, found 0 plugins.
Preloading 0 native plugins for Editor in 0.00 ms.
Invoked RoslynAnalysisRunner static constructor.
RoslynAnalysisRunner will not be running.
RoslynAnalysisRunner has terminated.
Mono: successfully reloaded assembly
- Completed reload, in  3.582 seconds
Platform modules already initialized, skipping
Refreshing native plugins compatible for Editor in 0.23 ms, found 0 plugins.
Preloading 0 native plugins for Editor in 0.00 ms.
Unloading 706 Unused Serialized files (Serialized files now loaded: 0)
System memory in use before: 69.3 MB.
System memory in use after: 69.2 MB.

Unloading 3 unused Assets to reduce memory usage. Loaded Objects now: 1198.
Total: 3.462900 ms (FindLiveObjects: 0.158300 ms CreateObjectMapping: 0.023200 ms MarkObjects: 2.982700 ms  DeleteObjects: 0.296300 ms)

========================================================================
Received Prepare
Registering precompiled user dll's ...
Registered in 0.000252 seconds.
Begin MonoManager ReloadAssembly
Native extension for WindowsStandalone target not found
Native extension for WebGL target not found
Refreshing native plugins compatible for Editor in 0.38 ms, found 0 plugins.
Preloading 0 native plugins for Editor in 0.00 ms.
Invoked RoslynAnalysisRunner static constructor.
RoslynAnalysisRunner will not be running.
RoslynAnalysisRunner has terminated.
Mono: successfully reloaded assembly
- Completed reload, in  2.150 seconds
Platform modules already initialized, skipping
Refreshing native plugins compatible for Editor in 0.20 ms, found 0 plugins.
Preloading 0 native plugins for Editor in 0.00 ms.
Unloading 706 Unused Serialized files (Serialized files now loaded: 0)
System memory in use before: 69.2 MB.
System memory in use after: 69.2 MB.

Unloading 3 unused Assets to reduce memory usage. Loaded Objects now: 1198.
Total: 2.562300 ms (FindLiveObjects: 0.130200 ms CreateObjectMapping: 0.023000 ms MarkObjects: 2.199800 ms  DeleteObjects: 0.206700 ms)

========================================================================
Received Import Request.
  Time since last request: 134.776543 seconds.
  path: Assets/Skeletons/Prefabs/Skeleton_A.prefab
  artifactKey: Guid(a27aaa9514020fa44bb6081abd5f14fc) Importer(815301076,1909f56bfc062723c751e8b465ee728b)
Start importing Assets/Skeletons/Prefabs/Skeleton_A.prefab using Guid(a27aaa9514020fa44bb6081abd5f14fc) Importer(815301076,1909f56bfc062723c751e8b465ee728b)  -> (artifact id: '0d454944ff00a095286bcac083066f8f') in 0.145297 seconds
  Import took 0.149903 seconds .

========================================================================
Received Prepare
Registering precompiled user dll's ...
Registered in 0.000478 seconds.
Begin MonoManager ReloadAssembly
Native extension for WindowsStandalone target not found
Native extension for WebGL target not found
Refreshing native plugins compatible for Editor in 0.50 ms, found 0 plugins.
Preloading 0 native plugins for Editor in 0.00 ms.
Invoked RoslynAnalysisRunner static constructor.
RoslynAnalysisRunner will not be running.
RoslynAnalysisRunner has terminated.
Mono: successfully reloaded assembly
- Completed reload, in  3.661 seconds
Platform modules already initialized, skipping
Refreshing native plugins compatible for Editor in 0.32 ms, found 0 plugins.
Preloading 0 native plugins for Editor in 0.00 ms.
Unloading 706 Unused Serialized files (Serialized files now loaded: 0)
System memory in use before: 69.2 MB.
System memory in use after: 69.2 MB.

Unloading 3 unused Assets to reduce memory usage. Loaded Objects now: 1199.
Total: 2.471500 ms (FindLiveObjects: 0.142600 ms CreateObjectMapping: 0.064500 ms MarkObjects: 2.136300 ms  DeleteObjects: 0.126200 ms)

========================================================================
Received Prepare
Registering precompiled user dll's ...
Registered in 0.000164 seconds.
Begin MonoManager ReloadAssembly
Native extension for WindowsStandalone target not found
Native extension for WebGL target not found
Refreshing native plugins compatible for Editor in 0.19 ms, found 0 plugins.
Preloading 0 native plugins for Editor in 0.00 ms.
Invoked RoslynAnalysisRunner static constructor.
RoslynAnalysisRunner will not be running.
RoslynAnalysisRunner has terminated.
Mono: successfully reloaded assembly
- Completed reload, in  2.109 seconds
Platform modules already initialized, skipping
Refreshing native plugins compatible for Editor in 0.64 ms, found 0 plugins.
Preloading 0 native plugins for Editor in 0.00 ms.
Unloading 706 Unused Serialized files (Serialized files now loaded: 0)
System memory in use before: 69.3 MB.
System memory in use after: 69.3 MB.

Unloading 3 unused Assets to reduce memory usage. Loaded Objects now: 1199.
Total: 2.575900 ms (FindLiveObjects: 0.178900 ms CreateObjectMapping: 0.052500 ms MarkObjects: 2.149900 ms  DeleteObjects: 0.124000 ms)

========================================================================
Received Prepare
Registering precompiled user dll's ...
Registered in 0.000172 seconds.
Begin MonoManager ReloadAssembly
Native extension for WindowsStandalone target not found
Native extension for WebGL target not found
Refreshing native plugins compatible for Editor in 0.51 ms, found 0 plugins.
Preloading 0 native plugins for Editor in 0.01 ms.
Invoked RoslynAnalysisRunner static constructor.
RoslynAnalysisRunner will not be running.
RoslynAnalysisRunner has terminated.
Mono: successfully reloaded assembly
- Completed reload, in  2.300 seconds
Platform modules already initialized, skipping
Refreshing native plugins compatible for Editor in 0.65 ms, found 0 plugins.
Preloading 0 native plugins for Editor in 0.00 ms.
Unloading 706 Unused Serialized files (Serialized files now loaded: 0)
System memory in use before: 69.3 MB.
System memory in use after: 69.2 MB.

Unloading 3 unused Assets to reduce memory usage. Loaded Objects now: 1199.
Total: 2.454400 ms (FindLiveObjects: 0.251500 ms CreateObjectMapping: 0.034500 ms MarkObjects: 2.037800 ms  DeleteObjects: 0.127700 ms)

========================================================================
Received Prepare
Registering precompiled user dll's ...
Registered in 0.000201 seconds.
Begin MonoManager ReloadAssembly
Native extension for WindowsStandalone target not found
Native extension for WebGL target not found
Refreshing native plugins compatible for Editor in 0.30 ms, found 0 plugins.
Preloading 0 native plugins for Editor in 0.00 ms.
Invoked RoslynAnalysisRunner static constructor.
RoslynAnalysisRunner will not be running.
RoslynAnalysisRunner has terminated.
Mono: successfully reloaded assembly
- Completed reload, in  2.349 seconds
Platform modules already initialized, skipping
Refreshing native plugins compatible for Editor in 0.42 ms, found 0 plugins.
Preloading 0 native plugins for Editor in 0.00 ms.
Unloading 706 Unused Serialized files (Serialized files now loaded: 0)
System memory in use before: 69.3 MB.
System memory in use after: 69.2 MB.

Unloading 3 unused Assets to reduce memory usage. Loaded Objects now: 1199.
Total: 3.022600 ms (FindLiveObjects: 0.198700 ms CreateObjectMapping: 0.049600 ms MarkObjects: 2.615900 ms  DeleteObjects: 0.155700 ms)

========================================================================
Received Prepare
Registering precompiled user dll's ...
Registered in 0.000263 seconds.
Begin MonoManager ReloadAssembly
Native extension for WindowsStandalone target not found
Native extension for WebGL target not found
Refreshing native plugins compatible for Editor in 0.20 ms, found 0 plugins.
Preloading 0 native plugins for Editor in 0.00 ms.
Invoked RoslynAnalysisRunner static constructor.
RoslynAnalysisRunner will not be running.
RoslynAnalysisRunner has terminated.
Mono: successfully reloaded assembly
- Completed reload, in  3.273 seconds
Platform modules already initialized, skipping
Refreshing native plugins compatible for Editor in 0.20 ms, found 0 plugins.
Preloading 0 native plugins for Editor in 0.00 ms.
Unloading 706 Unused Serialized files (Serialized files now loaded: 0)
System memory in use before: 69.3 MB.
System memory in use after: 69.3 MB.

Unloading 3 unused Assets to reduce memory usage. Loaded Objects now: 1199.
Total: 3.560000 ms (FindLiveObjects: 0.257600 ms CreateObjectMapping: 0.206900 ms MarkObjects: 2.966500 ms  DeleteObjects: 0.126200 ms)

========================================================================
Received Prepare
Registering precompiled user dll's ...
Registered in 0.000496 seconds.
Begin MonoManager ReloadAssembly
Native extension for WindowsStandalone target not found
Native extension for WebGL target not found
Refreshing native plugins compatible for Editor in 0.25 ms, found 0 plugins.
Preloading 0 native plugins for Editor in 0.00 ms.
Invoked RoslynAnalysisRunner static constructor.
RoslynAnalysisRunner will not be running.
RoslynAnalysisRunner has terminated.
Mono: successfully reloaded assembly
- Completed reload, in  3.669 seconds
Platform modules already initialized, skipping
Refreshing native plugins compatible for Editor in 0.29 ms, found 0 plugins.
Preloading 0 native plugins for Editor in 0.00 ms.
Unloading 706 Unused Serialized files (Serialized files now loaded: 0)
System memory in use before: 69.3 MB.
System memory in use after: 69.3 MB.

Unloading 3 unused Assets to reduce memory usage. Loaded Objects now: 1199.
Total: 1.730000 ms (FindLiveObjects: 0.130800 ms CreateObjectMapping: 0.022400 ms MarkObjects: 1.458800 ms  DeleteObjects: 0.115500 ms)

========================================================================
Received Import Request.
  Time since last request: 944.077823 seconds.
  path: Assets/Skeletons/Prefabs/Skeleton_A.prefab
  artifactKey: Guid(a27aaa9514020fa44bb6081abd5f14fc) Importer(815301076,1909f56bfc062723c751e8b465ee728b)
Start importing Assets/Skeletons/Prefabs/Skeleton_A.prefab using Guid(a27aaa9514020fa44bb6081abd5f14fc) Importer(815301076,1909f56bfc062723c751e8b465ee728b)  -> (artifact id: '785293bc060ad7ad27ac5eff183d74f6') in 0.152427 seconds
  Import took 0.161902 seconds .

========================================================================
Received Import Request.
  Time since last request: 0.002777 seconds.
  path: Assets/Skeletons/Prefabs/Skeleton_A.prefab
  artifactKey: Guid(a27aaa9514020fa44bb6081abd5f14fc) Importer(815301076,1909f56bfc062723c751e8b465ee728b)
Start importing Assets/Skeletons/Prefabs/Skeleton_A.prefab using Guid(a27aaa9514020fa44bb6081abd5f14fc) Importer(815301076,1909f56bfc062723c751e8b465ee728b)  -> (artifact id: '785293bc060ad7ad27ac5eff183d74f6') in 0.215135 seconds
  Import took 0.220832 seconds .

========================================================================
Received Prepare
Registering precompiled user dll's ...
Registered in 0.000377 seconds.
Begin MonoManager ReloadAssembly
Native extension for WindowsStandalone target not found
Native extension for WebGL target not found
Refreshing native plugins compatible for Editor in 0.37 ms, found 0 plugins.
Preloading 0 native plugins for Editor in 0.00 ms.
Invoked RoslynAnalysisRunner static constructor.
RoslynAnalysisRunner will not be running.
RoslynAnalysisRunner has terminated.
Mono: successfully reloaded assembly
- Completed reload, in  3.758 seconds
Platform modules already initialized, skipping
Refreshing native plugins compatible for Editor in 0.39 ms, found 0 plugins.
Preloading 0 native plugins for Editor in 0.00 ms.
Unloading 706 Unused Serialized files (Serialized files now loaded: 0)
System memory in use before: 69.3 MB.
System memory in use after: 69.3 MB.

Unloading 3 unused Assets to reduce memory usage. Loaded Objects now: 1200.
Total: 2.895700 ms (FindLiveObjects: 0.143700 ms CreateObjectMapping: 0.022400 ms MarkObjects: 2.580500 ms  DeleteObjects: 0.146800 ms)

AssetImportWorkerClient::OnTransportError - code=2 error=End of file
